<?xml version="1.0" encoding="UTF-8"?>
<!-- Generated by org.testng.reporters.JUnitReportReporter -->
<testsuite hostname="BC-LAP-M750" failures="0" tests="1" name="pages.homepage_function" time="0.009" errors="0" timestamp="2024-04-26T13:22:25 IST" skipped="0">
  <testcase classname="pages.homepage_function" name="test" time="0.009"/>
  <system-out/>
</testsuite> <!-- pages.homepage_function -->
