<?xml version="1.0" encoding="UTF-8"?>
<!-- Generated by org.testng.reporters.JUnitReportReporter -->
<testsuite hostname="BC-LAP-M750" failures="0" tests="1" name="util.dataExtractor" time="0.519" errors="0" timestamp="2024-04-24T13:41:30 IST" skipped="0">
  <testcase classname="util.dataExtractor" name="getData" time="0.519"/>
  <system-out/>
</testsuite> <!-- util.dataExtractor -->
