<?xml version="1.0" encoding="UTF-8"?>
<!-- Generated by org.testng.reporters.JUnitReportReporter -->
<testsuite hostname="BC-LAP-M750" failures="0" tests="2" name="tests.Testrunner" time="44.127" errors="0" timestamp="2024-06-18T10:14:25 IST" skipped="0">
  <testcase classname="tests.Testrunner" name="runScenario" time="32.425"/>
  <system-out/>
  <testcase classname="tests.Testrunner" name="runScenario" time="11.702"/>
  <system-out/>
</testsuite> <!-- tests.Testrunner -->
